# JRE version: OpenJDK Runtime Environment Temurin-17.0.3+7 (17.0.3+7) (build 17.0.3+7)
# Java VM: OpenJDK 64-Bit Server VM Temurin-17.0.3+7 (17.0.3+7, mixed mode, tiered, compressed oops, compressed class ptrs, g1 gc, windows-amd64)
GC Precious Log:
 CPUs: 8 total, 8 available
 Memory: 16263M
 Large Page Support: Disabled
 NUMA Support: Disabled
 Compressed Oops: Enabled (Zero based)
 Heap Region Size: 2M
 Heap Min Capacity: 8M
 Heap Initial Capacity: 256M
 Heap Max Capacity: 4066M
 Pre-touch: Disabled
 Parallel Workers: 8
 Concurrent Workers: 2
 Concurrent Refinement Workers: 8
 Periodic GC: Disabled
Heap:
 garbage-first heap   total 69632K, used 46657K [0x0000000701e00000, 0x0000000800000000)
  region size 2048K, 8 young (16384K), 2 survivors (4096K)
 Metaspace       used 67549K, committed 67968K, reserved 1114112K
  class space    used 8793K, committed 9024K, reserved 1048576K
GC Heap History (20 events):
Event: 3.077 GC heap before
{Heap before GC invocations=10 (full 0):
 garbage-first heap   total 40960K, used 24031K [0x0000000701e00000, 0x0000000800000000)
  region size 2048K, 8 young (16384K), 2 survivors (4096K)
 Metaspace       used 35997K, committed 36288K, reserved 1081344K
  class space    used 4228K, committed 4352K, reserved 1048576K
}
Event: 3.082 GC heap after
{Heap after GC invocations=11 (full 0):
 garbage-first heap   total 151552K, used 17043K [0x0000000701e00000, 0x0000000800000000)
  region size 2048K, 2 young (4096K), 2 survivors (4096K)
 Metaspace       used 35997K, committed 36288K, reserved 1081344K
  class space    used 4228K, committed 4352K, reserved 1048576K
}
Event: 3.846 GC heap before
{Heap before GC invocations=12 (full 0):
 garbage-first heap   total 69632K, used 53907K [0x0000000701e00000, 0x0000000800000000)
  region size 2048K, 20 young (40960K), 2 survivors (4096K)
 Metaspace       used 42829K, committed 43136K, reserved 1089536K
  class space    used 5008K, committed 5120K, reserved 1048576K
}
Event: 3.851 GC heap after
{Heap after GC invocations=13 (full 0):
 garbage-first heap   total 69632K, used 19907K [0x0000000701e00000, 0x0000000800000000)
  region size 2048K, 3 young (6144K), 3 survivors (6144K)
 Metaspace       used 42829K, committed 43136K, reserved 1089536K
  class space    used 5008K, committed 5120K, reserved 1048576K
}
Event: 4.574 GC heap before
{Heap before GC invocations=13 (full 0):
 garbage-first heap   total 69632K, used 50627K [0x0000000701e00000, 0x0000000800000000)
  region size 2048K, 18 young (36864K), 3 survivors (6144K)
 Metaspace       used 50618K, committed 50944K, reserved 1097728K
  class space    used 6305K, committed 6464K, reserved 1048576K
}
Event: 4.579 GC heap after
{Heap after GC invocations=14 (full 0):
 garbage-first heap   total 69632K, used 21863K [0x0000000701e00000, 0x0000000800000000)
  region size 2048K, 3 young (6144K), 3 survivors (6144K)
 Metaspace       used 50618K, committed 50944K, reserved 1097728K
  class space    used 6305K, committed 6464K, reserved 1048576K
}
Event: 5.233 GC heap before
{Heap before GC invocations=14 (full 0):
 garbage-first heap   total 69632K, used 50535K [0x0000000701e00000, 0x0000000800000000)
  region size 2048K, 17 young (34816K), 3 survivors (6144K)
 Metaspace       used 57580K, committed 57984K, reserved 1105920K
  class space    used 7345K, committed 7552K, reserved 1048576K
}
Event: 5.238 GC heap after
{Heap after GC invocations=15 (full 0):
 garbage-first heap   total 69632K, used 23172K [0x0000000701e00000, 0x0000000800000000)
  region size 2048K, 2 young (4096K), 2 survivors (4096K)
 Metaspace       used 57580K, committed 57984K, reserved 1105920K
  class space    used 7345K, committed 7552K, reserved 1048576K
}
Event: 5.610 GC heap before
{Heap before GC invocations=15 (full 0):
 garbage-first heap   total 69632K, used 51844K [0x0000000701e00000, 0x0000000800000000)
  region size 2048K, 16 young (32768K), 2 survivors (4096K)
 Metaspace       used 59032K, committed 59328K, reserved 1105920K
  class space    used 7535K, committed 7680K, reserved 1048576K
}
Event: 5.615 GC heap after
{Heap after GC invocations=16 (full 0):
 garbage-first heap   total 69632K, used 25970K [0x0000000701e00000, 0x0000000800000000)
  region size 2048K, 2 young (4096K), 2 survivors (4096K)
 Metaspace       used 59032K, committed 59328K, reserved 1105920K
  class space    used 7535K, committed 7680K, reserved 1048576K
}
Event: 5.745 GC heap before
{Heap before GC invocations=16 (full 0):
 garbage-first heap   total 69632K, used 30066K [0x0000000701e00000, 0x0000000800000000)
  region size 2048K, 5 young (10240K), 2 survivors (4096K)
 Metaspace       used 60456K, committed 60736K, reserved 1105920K
  class space    used 7729K, committed 7872K, reserved 1048576K
}
Event: 5.748 GC heap after
{Heap after GC invocations=17 (full 0):
 garbage-first heap   total 69632K, used 27087K [0x0000000701e00000, 0x0000000800000000)
  region size 2048K, 1 young (2048K), 1 survivors (2048K)
 Metaspace       used 60456K, committed 60736K, reserved 1105920K
  class space    used 7729K, committed 7872K, reserved 1048576K
}
Event: 6.181 GC heap before
{Heap before GC invocations=18 (full 0):
 garbage-first heap   total 69632K, used 53711K [0x0000000701e00000, 0x0000000800000000)
  region size 2048K, 14 young (28672K), 1 survivors (2048K)
 Metaspace       used 63353K, committed 63680K, reserved 1105920K
  class space    used 8202K, committed 8384K, reserved 1048576K
}
Event: 6.184 GC heap after
{Heap after GC invocations=19 (full 0):
 garbage-first heap   total 69632K, used 28535K [0x0000000701e00000, 0x0000000800000000)
  region size 2048K, 2 young (4096K), 2 survivors (4096K)
 Metaspace       used 63353K, committed 63680K, reserved 1105920K
  class space    used 8202K, committed 8384K, reserved 1048576K
}
Event: 6.579 GC heap before
{Heap before GC invocations=19 (full 0):
 garbage-first heap   total 69632K, used 53111K [0x0000000701e00000, 0x0000000800000000)
  region size 2048K, 14 young (28672K), 2 survivors (4096K)
 Metaspace       used 64817K, committed 65216K, reserved 1114112K
  class space    used 8431K, committed 8640K, reserved 1048576K
}
Event: 6.583 GC heap after
{Heap after GC invocations=20 (full 0):
 garbage-first heap   total 69632K, used 31186K [0x0000000701e00000, 0x0000000800000000)
  region size 2048K, 2 young (4096K), 2 survivors (4096K)
 Metaspace       used 64817K, committed 65216K, reserved 1114112K
  class space    used 8431K, committed 8640K, reserved 1048576K
}
Event: 6.947 GC heap before
{Heap before GC invocations=20 (full 0):
 garbage-first heap   total 69632K, used 53714K [0x0000000701e00000, 0x0000000800000000)
  region size 2048K, 13 young (26624K), 2 survivors (4096K)
 Metaspace       used 66501K, committed 66944K, reserved 1114112K
  class space    used 8650K, committed 8896K, reserved 1048576K
}
Event: 6.953 GC heap after
{Heap after GC invocations=21 (full 0):
 garbage-first heap   total 69632K, used 33563K [0x0000000701e00000, 0x0000000800000000)
  region size 2048K, 2 young (4096K), 2 survivors (4096K)
 Metaspace       used 66501K, committed 66944K, reserved 1114112K
  class space    used 8650K, committed 8896K, reserved 1048576K
}
Event: 7.215 GC heap before
{Heap before GC invocations=21 (full 0):
 garbage-first heap   total 69632K, used 51995K [0x0000000701e00000, 0x0000000800000000)
  region size 2048K, 11 young (22528K), 2 survivors (4096K)
 Metaspace       used 67189K, committed 67648K, reserved 1114112K
  class space    used 8744K, committed 8960K, reserved 1048576K
}
Event: 7.219 GC heap after
{Heap after GC invocations=22 (full 0):
 garbage-first heap   total 69632K, used 36417K [0x0000000701e00000, 0x0000000800000000)
  region size 2048K, 2 young (4096K), 2 survivors (4096K)
 Metaspace       used 67189K, committed 67648K, reserved 1114112K
  class space    used 8744K, committed 8960K, reserved 1048576K
}

